  [1m[35m (551.4ms)[0m  [1m[35mCREATE DATABASE "rails_js_bundling_development" ENCODING = 'unicode'[0m
  [1m[35m (833.2ms)[0m  [1m[35mCREATE DATABASE "rails_js_bundling_test" ENCODING = 'unicode'[0m
  [1m[35m (47.3ms)[0m  [1m[35mCREATE TABLE "schema_migrations" ("version" character varying NOT NULL PRIMARY KEY)[0m
  [1m[35m (41.3ms)[0m  [1m[35mCREATE TABLE "ar_internal_metadata" ("key" character varying NOT NULL PRIMARY KEY, "value" character varying, "created_at" timestamp(6) NOT NULL, "updated_at" timestamp(6) NOT NULL)[0m
  [1m[35m (0.6ms)[0m  [1m[34mSELECT pg_try_advisory_lock(224747442528816900)[0m
  [1m[36mActiveRecord::SchemaMigration Load (1.9ms)[0m  [1m[34mSELECT "schema_migrations"."version" FROM "schema_migrations" ORDER BY "schema_migrations"."version" ASC[0m
  [1m[36mActiveRecord::InternalMetadata Load (74.4ms)[0m  [1m[34mSELECT * FROM "ar_internal_metadata" WHERE "ar_internal_metadata"."key" = $1 ORDER BY "ar_internal_metadata"."key" ASC LIMIT 1[0m  [[nil, "environment"]]
  [1m[36mActiveRecord::InternalMetadata Create (67.1ms)[0m  [1m[32mINSERT INTO "ar_internal_metadata" ("key", "value", "created_at", "updated_at") VALUES ('environment', 'development', '2024-01-22 20:39:57.059594', '2024-01-22 20:39:57.059602') RETURNING "key"[0m
  [1m[35m (0.3ms)[0m  [1m[34mSELECT pg_advisory_unlock(224747442528816900)[0m
  [1m[36mActiveRecord::SchemaMigration Load (0.2ms)[0m  [1m[34mSELECT "schema_migrations"."version" FROM "schema_migrations" ORDER BY "schema_migrations"."version" ASC[0m
Started GET "/" for ::1 at 2024-01-22 12:40:24 -0800
  [1m[36mActiveRecord::SchemaMigration Load (1.4ms)[0m  [1m[34mSELECT "schema_migrations"."version" FROM "schema_migrations" ORDER BY "schema_migrations"."version" ASC[0m
Processing by Rails::WelcomeController#index as HTML
  Rendering /Users/macbookair/.rvm/gems/ruby-3.1.0/gems/railties-7.1.3/lib/rails/templates/rails/welcome/index.html.erb
  Rendered /Users/macbookair/.rvm/gems/ruby-3.1.0/gems/railties-7.1.3/lib/rails/templates/rails/welcome/index.html.erb (Duration: 68.3ms | Allocations: 384)
Completed 200 OK in 392ms (Views: 149.7ms | ActiveRecord: 0.0ms | Allocations: 7432)


Started GET "/" for ::1 at 2024-01-22 12:48:03 -0800
Processing by Rails::WelcomeController#index as HTML
  Rendering /Users/macbookair/.rvm/gems/ruby-3.1.0/gems/railties-7.1.3/lib/rails/templates/rails/welcome/index.html.erb
  Rendered /Users/macbookair/.rvm/gems/ruby-3.1.0/gems/railties-7.1.3/lib/rails/templates/rails/welcome/index.html.erb (Duration: 2.0ms | Allocations: 288)
Completed 200 OK in 9ms (Views: 6.7ms | ActiveRecord: 0.0ms | Allocations: 1063)


Started GET "/" for ::1 at 2024-01-22 12:48:07 -0800
Processing by Rails::WelcomeController#index as HTML
  Rendering /Users/macbookair/.rvm/gems/ruby-3.1.0/gems/railties-7.1.3/lib/rails/templates/rails/welcome/index.html.erb
  Rendered /Users/macbookair/.rvm/gems/ruby-3.1.0/gems/railties-7.1.3/lib/rails/templates/rails/welcome/index.html.erb (Duration: 0.1ms | Allocations: 15)
Completed 200 OK in 2ms (Views: 0.7ms | ActiveRecord: 0.0ms | Allocations: 225)


Started GET "/" for ::1 at 2024-01-22 12:48:11 -0800
Processing by Rails::WelcomeController#index as HTML
  Rendering /Users/macbookair/.rvm/gems/ruby-3.1.0/gems/railties-7.1.3/lib/rails/templates/rails/welcome/index.html.erb
  Rendered /Users/macbookair/.rvm/gems/ruby-3.1.0/gems/railties-7.1.3/lib/rails/templates/rails/welcome/index.html.erb (Duration: 0.0ms | Allocations: 15)
Completed 200 OK in 1ms (Views: 0.5ms | ActiveRecord: 0.0ms | Allocations: 201)


Started GET "/" for ::1 at 2024-01-22 12:48:35 -0800
Processing by Rails::WelcomeController#index as HTML
  Rendering /Users/macbookair/.rvm/gems/ruby-3.1.0/gems/railties-7.1.3/lib/rails/templates/rails/welcome/index.html.erb
  Rendered /Users/macbookair/.rvm/gems/ruby-3.1.0/gems/railties-7.1.3/lib/rails/templates/rails/welcome/index.html.erb (Duration: 0.1ms | Allocations: 15)
Completed 200 OK in 1ms (Views: 0.5ms | ActiveRecord: 0.0ms | Allocations: 195)


Started GET "/" for ::1 at 2024-01-22 12:48:37 -0800
Processing by Rails::WelcomeController#index as HTML
  Rendering /Users/macbookair/.rvm/gems/ruby-3.1.0/gems/railties-7.1.3/lib/rails/templates/rails/welcome/index.html.erb
  Rendered /Users/macbookair/.rvm/gems/ruby-3.1.0/gems/railties-7.1.3/lib/rails/templates/rails/welcome/index.html.erb (Duration: 0.1ms | Allocations: 15)
Completed 200 OK in 1ms (Views: 0.5ms | ActiveRecord: 0.0ms | Allocations: 195)


Started GET "/" for ::1 at 2024-01-22 12:48:39 -0800
Processing by Rails::WelcomeController#index as HTML
  Rendering /Users/macbookair/.rvm/gems/ruby-3.1.0/gems/railties-7.1.3/lib/rails/templates/rails/welcome/index.html.erb
  Rendered /Users/macbookair/.rvm/gems/ruby-3.1.0/gems/railties-7.1.3/lib/rails/templates/rails/welcome/index.html.erb (Duration: 0.1ms | Allocations: 15)
Completed 200 OK in 3ms (Views: 2.8ms | ActiveRecord: 0.0ms | Allocations: 195)


Started GET "/" for ::1 at 2024-01-22 12:49:18 -0800
Processing by Rails::WelcomeController#index as HTML
  Rendering /Users/macbookair/.rvm/gems/ruby-3.1.0/gems/railties-7.1.3/lib/rails/templates/rails/welcome/index.html.erb
  Rendered /Users/macbookair/.rvm/gems/ruby-3.1.0/gems/railties-7.1.3/lib/rails/templates/rails/welcome/index.html.erb (Duration: 0.1ms | Allocations: 15)
Completed 200 OK in 1ms (Views: 0.5ms | ActiveRecord: 0.0ms | Allocations: 195)


Started GET "/" for ::1 at 2024-01-22 12:49:24 -0800
Processing by Rails::WelcomeController#index as HTML
  Rendering /Users/macbookair/.rvm/gems/ruby-3.1.0/gems/railties-7.1.3/lib/rails/templates/rails/welcome/index.html.erb
  Rendered /Users/macbookair/.rvm/gems/ruby-3.1.0/gems/railties-7.1.3/lib/rails/templates/rails/welcome/index.html.erb (Duration: 0.1ms | Allocations: 15)
Completed 200 OK in 1ms (Views: 0.8ms | ActiveRecord: 0.0ms | Allocations: 195)


Started GET "/" for ::1 at 2024-01-22 12:49:30 -0800
Processing by Rails::WelcomeController#index as HTML
  Rendering /Users/macbookair/.rvm/gems/ruby-3.1.0/gems/railties-7.1.3/lib/rails/templates/rails/welcome/index.html.erb
  Rendered /Users/macbookair/.rvm/gems/ruby-3.1.0/gems/railties-7.1.3/lib/rails/templates/rails/welcome/index.html.erb (Duration: 0.0ms | Allocations: 15)
Completed 200 OK in 1ms (Views: 0.5ms | ActiveRecord: 0.0ms | Allocations: 195)


Started GET "/" for ::1 at 2024-01-22 12:49:38 -0800
Processing by Rails::WelcomeController#index as HTML
  Rendering /Users/macbookair/.rvm/gems/ruby-3.1.0/gems/railties-7.1.3/lib/rails/templates/rails/welcome/index.html.erb
  Rendered /Users/macbookair/.rvm/gems/ruby-3.1.0/gems/railties-7.1.3/lib/rails/templates/rails/welcome/index.html.erb (Duration: 0.1ms | Allocations: 15)
Completed 200 OK in 2ms (Views: 2.0ms | ActiveRecord: 0.0ms | Allocations: 195)


Started GET "/" for ::1 at 2024-01-22 12:49:42 -0800
Processing by Rails::WelcomeController#index as HTML
  Rendering /Users/macbookair/.rvm/gems/ruby-3.1.0/gems/railties-7.1.3/lib/rails/templates/rails/welcome/index.html.erb
  Rendered /Users/macbookair/.rvm/gems/ruby-3.1.0/gems/railties-7.1.3/lib/rails/templates/rails/welcome/index.html.erb (Duration: 0.1ms | Allocations: 15)
Completed 200 OK in 1ms (Views: 0.6ms | ActiveRecord: 0.0ms | Allocations: 201)


Started GET "/" for ::1 at 2024-01-22 12:49:44 -0800
Processing by Rails::WelcomeController#index as HTML
  Rendering /Users/macbookair/.rvm/gems/ruby-3.1.0/gems/railties-7.1.3/lib/rails/templates/rails/welcome/index.html.erb
  Rendered /Users/macbookair/.rvm/gems/ruby-3.1.0/gems/railties-7.1.3/lib/rails/templates/rails/welcome/index.html.erb (Duration: 0.1ms | Allocations: 15)
Completed 200 OK in 1ms (Views: 0.8ms | ActiveRecord: 0.0ms | Allocations: 195)


Started GET "/" for ::1 at 2024-01-22 12:50:18 -0800
  
ArgumentError (:to must respond to `action` or `call`, or it must be a String that includes '#'):
  
config/routes.rb:2:in `block in <main>'
config/routes.rb:1:in `<main>'
Started GET "/" for ::1 at 2024-01-22 12:52:02 -0800
Processing by RootsController#index as HTML
  Rendering layout layouts/application.html.erb
  Rendering roots/index.html.erb within layouts/application
  Rendered roots/index.html.erb within layouts/application (Duration: 9.0ms | Allocations: 115)
  Rendered layout layouts/application.html.erb (Duration: 1515.6ms | Allocations: 72290)
Completed 200 OK in 1524ms (Views: 1520.3ms | ActiveRecord: 0.0ms | Allocations: 73388)


Started GET "/" for ::1 at 2024-01-22 12:52:51 -0800
Processing by RootsController#index as HTML
  Rendering layout layouts/application.html.erb
  Rendering roots/index.html.erb within layouts/application
  Rendered roots/index.html.erb within layouts/application (Duration: 2.6ms | Allocations: 115)
  Rendered layout layouts/application.html.erb (Duration: 240.1ms | Allocations: 4418)
Completed 200 OK in 264ms (Views: 261.5ms | ActiveRecord: 0.0ms | Allocations: 5474)


Started GET "/" for ::1 at 2024-01-22 12:52:54 -0800
Processing by RootsController#index as HTML
  Rendering layout layouts/application.html.erb
  Rendering roots/index.html.erb within layouts/application
  Rendered roots/index.html.erb within layouts/application (Duration: 0.1ms | Allocations: 9)
  Rendered layout layouts/application.html.erb (Duration: 12.3ms | Allocations: 1831)
Completed 200 OK in 15ms (Views: 14.3ms | ActiveRecord: 0.0ms | Allocations: 2091)


Started GET "/" for ::1 at 2024-01-22 12:55:52 -0800
  [1m[36mActiveRecord::SchemaMigration Load (1.1ms)[0m  [1m[34mSELECT "schema_migrations"."version" FROM "schema_migrations" ORDER BY "schema_migrations"."version" ASC[0m
Processing by RootsController#index as HTML
  Rendering layout layouts/application.html.erb
  Rendering roots/index.html.erb within layouts/application
  Rendered roots/index.html.erb within layouts/application (Duration: 30.9ms | Allocations: 192)
  Rendered layout layouts/application.html.erb (Duration: 1660.3ms | Allocations: 28151)
Completed 200 OK in 1892ms (Views: 1761.6ms | ActiveRecord: 0.0ms | Allocations: 32416)


Started GET "/" for ::1 at 2024-01-22 12:56:40 -0800
  [1m[36mActiveRecord::SchemaMigration Load (1.1ms)[0m  [1m[34mSELECT "schema_migrations"."version" FROM "schema_migrations" ORDER BY "schema_migrations"."version" ASC[0m
Processing by RootsController#index as HTML
  Rendering layout layouts/application.html.erb
  Rendering roots/index.html.erb within layouts/application
  Rendered roots/index.html.erb within layouts/application (Duration: 0.7ms | Allocations: 192)
  Rendered layout layouts/application.html.erb (Duration: 193.2ms | Allocations: 22495)
Completed 200 OK in 273ms (Views: 218.6ms | ActiveRecord: 0.0ms | Allocations: 26762)


Started GET "/" for ::1 at 2024-01-22 12:57:02 -0800
Processing by RootsController#index as HTML
  Rendering layout layouts/application.html.erb
  Rendering roots/index.html.erb within layouts/application
  Rendered roots/index.html.erb within layouts/application (Duration: 0.0ms | Allocations: 10)
  Rendered layout layouts/application.html.erb (Duration: 15.3ms | Allocations: 2144)
Completed 200 OK in 17ms (Views: 16.4ms | ActiveRecord: 0.0ms | Allocations: 2434)


Started GET "/" for ::1 at 2024-01-22 12:57:03 -0800
Processing by RootsController#index as HTML
  Rendering layout layouts/application.html.erb
  Rendering roots/index.html.erb within layouts/application
  Rendered roots/index.html.erb within layouts/application (Duration: 0.0ms | Allocations: 6)
  Rendered layout layouts/application.html.erb (Duration: 108.7ms | Allocations: 1942)
Completed 200 OK in 110ms (Views: 109.8ms | ActiveRecord: 0.0ms | Allocations: 2173)


Started GET "/" for ::1 at 2024-01-22 12:57:05 -0800
Processing by RootsController#index as HTML
  Rendering layout layouts/application.html.erb
  Rendering roots/index.html.erb within layouts/application
  Rendered roots/index.html.erb within layouts/application (Duration: 0.0ms | Allocations: 6)
  Rendered layout layouts/application.html.erb (Duration: 35.4ms | Allocations: 1930)
Completed 200 OK in 183ms (Views: 182.7ms | ActiveRecord: 0.0ms | Allocations: 2161)


Started GET "/" for ::1 at 2024-01-22 12:57:52 -0800
Processing by RootsController#index as HTML
  Rendering layout layouts/application.html.erb
  Rendering roots/index.html.erb within layouts/application
  Rendered roots/index.html.erb within layouts/application (Duration: 0.2ms | Allocations: 6)
  Rendered layout layouts/application.html.erb (Duration: 2032.4ms | Allocations: 5764)
Completed 200 OK in 2039ms (Views: 2037.7ms | ActiveRecord: 0.0ms | Allocations: 5990)


  [1m[35m (0.3ms)[0m  [1m[34mSELECT pg_try_advisory_lock(224747442528816900)[0m
  [1m[36mActiveRecord::SchemaMigration Load (1.2ms)[0m  [1m[34mSELECT "schema_migrations"."version" FROM "schema_migrations" ORDER BY "schema_migrations"."version" ASC[0m
  [1m[36mActiveRecord::InternalMetadata Load (1.6ms)[0m  [1m[34mSELECT * FROM "ar_internal_metadata" WHERE "ar_internal_metadata"."key" = $1 ORDER BY "ar_internal_metadata"."key" ASC LIMIT 1[0m  [[nil, "environment"]]
Migrating to CreateGreetings (20240122210404)
  [1m[36mTRANSACTION (51.5ms)[0m  [1m[35mBEGIN[0m
  [1m[35m (39.2ms)[0m  [1m[35mCREATE TABLE "greetings" ("id" bigserial primary key, "greeting" character varying, "created_at" timestamp(6) NOT NULL, "updated_at" timestamp(6) NOT NULL)[0m
  [1m[36mActiveRecord::SchemaMigration Create (0.8ms)[0m  [1m[32mINSERT INTO "schema_migrations" ("version") VALUES ('20240122210404') RETURNING "version"[0m
  [1m[36mTRANSACTION (1.6ms)[0m  [1m[35mCOMMIT[0m
  [1m[35m (0.8ms)[0m  [1m[34mSELECT pg_advisory_unlock(224747442528816900)[0m
  [1m[36mActiveRecord::SchemaMigration Load (0.2ms)[0m  [1m[34mSELECT "schema_migrations"."version" FROM "schema_migrations" ORDER BY "schema_migrations"."version" ASC[0m
  [1m[36mActiveRecord::SchemaMigration Load (3.8ms)[0m  [1m[34mSELECT "schema_migrations"."version" FROM "schema_migrations" ORDER BY "schema_migrations"."version" ASC[0m
  [1m[36mTRANSACTION (0.6ms)[0m  [1m[35mBEGIN[0m
  [1m[36mGreeting Create (44.4ms)[0m  [1m[32mINSERT INTO "greetings" ("greeting", "created_at", "updated_at") VALUES ($1, $2, $3) RETURNING "id"[0m  [["greeting", "Hello"], ["created_at", "2024-01-22 21:07:43.827151"], ["updated_at", "2024-01-22 21:07:43.827151"]]
  [1m[36mTRANSACTION (1.8ms)[0m  [1m[35mCOMMIT[0m
  [1m[36mTRANSACTION (0.2ms)[0m  [1m[35mBEGIN[0m
  [1m[36mGreeting Create (2.3ms)[0m  [1m[32mINSERT INTO "greetings" ("greeting", "created_at", "updated_at") VALUES ($1, $2, $3) RETURNING "id"[0m  [["greeting", "Hi"], ["created_at", "2024-01-22 21:07:43.882418"], ["updated_at", "2024-01-22 21:07:43.882418"]]
  [1m[36mTRANSACTION (1.5ms)[0m  [1m[35mCOMMIT[0m
  [1m[36mTRANSACTION (0.2ms)[0m  [1m[35mBEGIN[0m
  [1m[36mGreeting Create (1.7ms)[0m  [1m[32mINSERT INTO "greetings" ("greeting", "created_at", "updated_at") VALUES ($1, $2, $3) RETURNING "id"[0m  [["greeting", "Good Morning"], ["created_at", "2024-01-22 21:07:43.890439"], ["updated_at", "2024-01-22 21:07:43.890439"]]
  [1m[36mTRANSACTION (7.7ms)[0m  [1m[35mCOMMIT[0m
  [1m[36mTRANSACTION (0.2ms)[0m  [1m[35mBEGIN[0m
  [1m[36mGreeting Create (1.5ms)[0m  [1m[32mINSERT INTO "greetings" ("greeting", "created_at", "updated_at") VALUES ($1, $2, $3) RETURNING "id"[0m  [["greeting", "Good Afternoon"], ["created_at", "2024-01-22 21:07:43.903558"], ["updated_at", "2024-01-22 21:07:43.903558"]]
  [1m[36mTRANSACTION (1.3ms)[0m  [1m[35mCOMMIT[0m
  [1m[36mTRANSACTION (0.2ms)[0m  [1m[35mBEGIN[0m
  [1m[36mGreeting Create (2.1ms)[0m  [1m[32mINSERT INTO "greetings" ("greeting", "created_at", "updated_at") VALUES ($1, $2, $3) RETURNING "id"[0m  [["greeting", "Good Night"], ["created_at", "2024-01-22 21:07:43.910024"], ["updated_at", "2024-01-22 21:07:43.910024"]]
  [1m[36mTRANSACTION (1.2ms)[0m  [1m[35mCOMMIT[0m
Started GET "/" for ::1 at 2024-01-22 13:10:41 -0800
  [1m[36mActiveRecord::SchemaMigration Load (2.2ms)[0m  [1m[34mSELECT "schema_migrations"."version" FROM "schema_migrations" ORDER BY "schema_migrations"."version" ASC[0m
Processing by RootsController#index as HTML
  Rendering layout layouts/application.html.erb
  Rendering roots/index.html.erb within layouts/application
  Rendered roots/index.html.erb within layouts/application (Duration: 1.4ms | Allocations: 114)
  Rendered layout layouts/application.html.erb (Duration: 37.2ms | Allocations: 2525)
Completed 200 OK in 55ms (Views: 48.5ms | ActiveRecord: 0.0ms | Allocations: 3568)


Started GET "/api/v1/greetings" for ::1 at 2024-01-22 13:10:55 -0800
  
AbstractController::ActionNotFound (The action 'show' could not be found for Api::V1::GreetingsController):
  
actionpack (7.1.3) lib/abstract_controller/base.rb:155:in `process'
actionview (7.1.3) lib/action_view/rendering.rb:40:in `process'
actionpack (7.1.3) lib/action_controller/metal.rb:227:in `dispatch'
actionpack (7.1.3) lib/action_controller/metal.rb:309:in `dispatch'
actionpack (7.1.3) lib/action_dispatch/routing/route_set.rb:49:in `dispatch'
actionpack (7.1.3) lib/action_dispatch/routing/route_set.rb:32:in `serve'
actionpack (7.1.3) lib/action_dispatch/journey/router.rb:51:in `block in serve'
actionpack (7.1.3) lib/action_dispatch/journey/router.rb:131:in `block in find_routes'
actionpack (7.1.3) lib/action_dispatch/journey/router.rb:124:in `each'
actionpack (7.1.3) lib/action_dispatch/journey/router.rb:124:in `find_routes'
actionpack (7.1.3) lib/action_dispatch/journey/router.rb:32:in `serve'
actionpack (7.1.3) lib/action_dispatch/routing/route_set.rb:882:in `call'
rack (3.0.8) lib/rack/tempfile_reaper.rb:20:in `call'
rack (3.0.8) lib/rack/etag.rb:29:in `call'
rack (3.0.8) lib/rack/conditional_get.rb:31:in `call'
rack (3.0.8) lib/rack/head.rb:15:in `call'
actionpack (7.1.3) lib/action_dispatch/http/permissions_policy.rb:36:in `call'
actionpack (7.1.3) lib/action_dispatch/http/content_security_policy.rb:33:in `call'
rack-session (2.0.0) lib/rack/session/abstract/id.rb:272:in `context'
rack-session (2.0.0) lib/rack/session/abstract/id.rb:266:in `call'
actionpack (7.1.3) lib/action_dispatch/middleware/cookies.rb:689:in `call'
activerecord (7.1.3) lib/active_record/migration.rb:655:in `call'
actionpack (7.1.3) lib/action_dispatch/middleware/callbacks.rb:29:in `block in call'
activesupport (7.1.3) lib/active_support/callbacks.rb:101:in `run_callbacks'
actionpack (7.1.3) lib/action_dispatch/middleware/callbacks.rb:28:in `call'
actionpack (7.1.3) lib/action_dispatch/middleware/executor.rb:14:in `call'
actionpack (7.1.3) lib/action_dispatch/middleware/actionable_exceptions.rb:16:in `call'
actionpack (7.1.3) lib/action_dispatch/middleware/debug_exceptions.rb:29:in `call'
web-console (4.2.1) lib/web_console/middleware.rb:132:in `call_app'
web-console (4.2.1) lib/web_console/middleware.rb:28:in `block in call'
web-console (4.2.1) lib/web_console/middleware.rb:17:in `catch'
web-console (4.2.1) lib/web_console/middleware.rb:17:in `call'
actionpack (7.1.3) lib/action_dispatch/middleware/show_exceptions.rb:31:in `call'
railties (7.1.3) lib/rails/rack/logger.rb:37:in `call_app'
railties (7.1.3) lib/rails/rack/logger.rb:24:in `block in call'
activesupport (7.1.3) lib/active_support/tagged_logging.rb:135:in `block in tagged'
activesupport (7.1.3) lib/active_support/tagged_logging.rb:39:in `tagged'
activesupport (7.1.3) lib/active_support/tagged_logging.rb:135:in `tagged'
activesupport (7.1.3) lib/active_support/broadcast_logger.rb:240:in `method_missing'
railties (7.1.3) lib/rails/rack/logger.rb:24:in `call'
sprockets-rails (3.4.2) lib/sprockets/rails/quiet_assets.rb:13:in `call'
actionpack (7.1.3) lib/action_dispatch/middleware/remote_ip.rb:92:in `call'
actionpack (7.1.3) lib/action_dispatch/middleware/request_id.rb:28:in `call'
rack (3.0.8) lib/rack/method_override.rb:28:in `call'
rack (3.0.8) lib/rack/runtime.rb:24:in `call'
activesupport (7.1.3) lib/active_support/cache/strategy/local_cache_middleware.rb:29:in `call'
actionpack (7.1.3) lib/action_dispatch/middleware/server_timing.rb:59:in `block in call'
actionpack (7.1.3) lib/action_dispatch/middleware/server_timing.rb:24:in `collect_events'
actionpack (7.1.3) lib/action_dispatch/middleware/server_timing.rb:58:in `call'
actionpack (7.1.3) lib/action_dispatch/middleware/executor.rb:14:in `call'
actionpack (7.1.3) lib/action_dispatch/middleware/static.rb:25:in `call'
rack (3.0.8) lib/rack/sendfile.rb:114:in `call'
actionpack (7.1.3) lib/action_dispatch/middleware/host_authorization.rb:141:in `call'
railties (7.1.3) lib/rails/engine.rb:536:in `call'
puma (6.4.2) lib/puma/configuration.rb:272:in `call'
puma (6.4.2) lib/puma/request.rb:100:in `block in handle_request'
puma (6.4.2) lib/puma/thread_pool.rb:378:in `with_force_shutdown'
puma (6.4.2) lib/puma/request.rb:99:in `handle_request'
puma (6.4.2) lib/puma/server.rb:464:in `process_client'
puma (6.4.2) lib/puma/server.rb:245:in `block in run'
puma (6.4.2) lib/puma/thread_pool.rb:155:in `block in spawn_thread'
Started GET "/api/v1/greetings" for ::1 at 2024-01-22 13:11:27 -0800
  
AbstractController::ActionNotFound (The action 'show' could not be found for Api::V1::GreetingsController):
  
actionpack (7.1.3) lib/abstract_controller/base.rb:155:in `process'
actionview (7.1.3) lib/action_view/rendering.rb:40:in `process'
actionpack (7.1.3) lib/action_controller/metal.rb:227:in `dispatch'
actionpack (7.1.3) lib/action_controller/metal.rb:309:in `dispatch'
actionpack (7.1.3) lib/action_dispatch/routing/route_set.rb:49:in `dispatch'
actionpack (7.1.3) lib/action_dispatch/routing/route_set.rb:32:in `serve'
actionpack (7.1.3) lib/action_dispatch/journey/router.rb:51:in `block in serve'
actionpack (7.1.3) lib/action_dispatch/journey/router.rb:131:in `block in find_routes'
actionpack (7.1.3) lib/action_dispatch/journey/router.rb:124:in `each'
actionpack (7.1.3) lib/action_dispatch/journey/router.rb:124:in `find_routes'
actionpack (7.1.3) lib/action_dispatch/journey/router.rb:32:in `serve'
actionpack (7.1.3) lib/action_dispatch/routing/route_set.rb:882:in `call'
rack (3.0.8) lib/rack/tempfile_reaper.rb:20:in `call'
rack (3.0.8) lib/rack/etag.rb:29:in `call'
rack (3.0.8) lib/rack/conditional_get.rb:31:in `call'
rack (3.0.8) lib/rack/head.rb:15:in `call'
actionpack (7.1.3) lib/action_dispatch/http/permissions_policy.rb:36:in `call'
actionpack (7.1.3) lib/action_dispatch/http/content_security_policy.rb:33:in `call'
rack-session (2.0.0) lib/rack/session/abstract/id.rb:272:in `context'
rack-session (2.0.0) lib/rack/session/abstract/id.rb:266:in `call'
actionpack (7.1.3) lib/action_dispatch/middleware/cookies.rb:689:in `call'
activerecord (7.1.3) lib/active_record/migration.rb:655:in `call'
actionpack (7.1.3) lib/action_dispatch/middleware/callbacks.rb:29:in `block in call'
activesupport (7.1.3) lib/active_support/callbacks.rb:101:in `run_callbacks'
actionpack (7.1.3) lib/action_dispatch/middleware/callbacks.rb:28:in `call'
actionpack (7.1.3) lib/action_dispatch/middleware/executor.rb:14:in `call'
actionpack (7.1.3) lib/action_dispatch/middleware/actionable_exceptions.rb:16:in `call'
actionpack (7.1.3) lib/action_dispatch/middleware/debug_exceptions.rb:29:in `call'
web-console (4.2.1) lib/web_console/middleware.rb:132:in `call_app'
web-console (4.2.1) lib/web_console/middleware.rb:28:in `block in call'
web-console (4.2.1) lib/web_console/middleware.rb:17:in `catch'
web-console (4.2.1) lib/web_console/middleware.rb:17:in `call'
actionpack (7.1.3) lib/action_dispatch/middleware/show_exceptions.rb:31:in `call'
railties (7.1.3) lib/rails/rack/logger.rb:37:in `call_app'
railties (7.1.3) lib/rails/rack/logger.rb:24:in `block in call'
activesupport (7.1.3) lib/active_support/tagged_logging.rb:135:in `block in tagged'
activesupport (7.1.3) lib/active_support/tagged_logging.rb:39:in `tagged'
activesupport (7.1.3) lib/active_support/tagged_logging.rb:135:in `tagged'
activesupport (7.1.3) lib/active_support/broadcast_logger.rb:240:in `method_missing'
railties (7.1.3) lib/rails/rack/logger.rb:24:in `call'
sprockets-rails (3.4.2) lib/sprockets/rails/quiet_assets.rb:13:in `call'
actionpack (7.1.3) lib/action_dispatch/middleware/remote_ip.rb:92:in `call'
actionpack (7.1.3) lib/action_dispatch/middleware/request_id.rb:28:in `call'
rack (3.0.8) lib/rack/method_override.rb:28:in `call'
rack (3.0.8) lib/rack/runtime.rb:24:in `call'
activesupport (7.1.3) lib/active_support/cache/strategy/local_cache_middleware.rb:29:in `call'
actionpack (7.1.3) lib/action_dispatch/middleware/server_timing.rb:59:in `block in call'
actionpack (7.1.3) lib/action_dispatch/middleware/server_timing.rb:24:in `collect_events'
actionpack (7.1.3) lib/action_dispatch/middleware/server_timing.rb:58:in `call'
actionpack (7.1.3) lib/action_dispatch/middleware/executor.rb:14:in `call'
actionpack (7.1.3) lib/action_dispatch/middleware/static.rb:25:in `call'
rack (3.0.8) lib/rack/sendfile.rb:114:in `call'
actionpack (7.1.3) lib/action_dispatch/middleware/host_authorization.rb:141:in `call'
railties (7.1.3) lib/rails/engine.rb:536:in `call'
puma (6.4.2) lib/puma/configuration.rb:272:in `call'
puma (6.4.2) lib/puma/request.rb:100:in `block in handle_request'
puma (6.4.2) lib/puma/thread_pool.rb:378:in `with_force_shutdown'
puma (6.4.2) lib/puma/request.rb:99:in `handle_request'
puma (6.4.2) lib/puma/server.rb:464:in `process_client'
puma (6.4.2) lib/puma/server.rb:245:in `block in run'
puma (6.4.2) lib/puma/thread_pool.rb:155:in `block in spawn_thread'
Started GET "/api/v1/greetings" for ::1 at 2024-01-22 13:13:03 -0800
  
ActionController::RoutingError (No route matches [GET] "/api/v1/greetings"):
  
Started GET "/api/v1/greetings" for ::1 at 2024-01-22 13:13:05 -0800
  
ActionController::RoutingError (No route matches [GET] "/api/v1/greetings"):
  
Started GET "/api/v1/greetings" for ::1 at 2024-01-22 13:15:32 -0800
Processing by Api::V1::GreetingsController#index as HTML
  [1m[36mGreeting Load (62.4ms)[0m  [1m[34mSELECT "greetings".* FROM "greetings" ORDER BY RANDOM() LIMIT $1[0m  [["LIMIT", 1]]
  ↳ app/controllers/api/v1/greetings_controller.rb:3:in `index'
Completed 500 Internal Server Error in 380ms (ActiveRecord: 153.2ms | Allocations: 23848)


  
NoMethodError (undefined method `message' for #<Greeting id: 4, greeting: "Good Afternoon", created_at: "2024-01-22 21:07:43.903558000 +0000", updated_at: "2024-01-22 21:07:43.903558000 +0000">):
  
app/controllers/api/v1/greetings_controller.rb:6:in `index'
Started GET "/api/v1/greetings" for ::1 at 2024-01-22 13:16:10 -0800
Processing by Api::V1::GreetingsController#index as HTML
  [1m[36mGreeting Load (1.3ms)[0m  [1m[34mSELECT "greetings".* FROM "greetings" ORDER BY RANDOM() LIMIT $1[0m  [["LIMIT", 1]]
  ↳ app/controllers/api/v1/greetings_controller.rb:3:in `index'
Completed 200 OK in 87ms (Views: 0.6ms | ActiveRecord: 15.4ms | Allocations: 3948)


Started GET "/api/v1/greetings" for ::1 at 2024-01-22 13:16:14 -0800
Processing by Api::V1::GreetingsController#index as HTML
  [1m[36mGreeting Load (9.7ms)[0m  [1m[34mSELECT "greetings".* FROM "greetings" ORDER BY RANDOM() LIMIT $1[0m  [["LIMIT", 1]]
  ↳ app/controllers/api/v1/greetings_controller.rb:3:in `index'
Completed 200 OK in 13ms (Views: 0.3ms | ActiveRecord: 9.7ms | Allocations: 726)


Started GET "/api/v1/greetings" for ::1 at 2024-01-22 13:16:15 -0800
Processing by Api::V1::GreetingsController#index as HTML
  [1m[36mGreeting Load (12.9ms)[0m  [1m[34mSELECT "greetings".* FROM "greetings" ORDER BY RANDOM() LIMIT $1[0m  [["LIMIT", 1]]
  ↳ app/controllers/api/v1/greetings_controller.rb:3:in `index'
Completed 200 OK in 17ms (Views: 0.2ms | ActiveRecord: 12.9ms | Allocations: 713)


Started GET "/api/v1/greetings" for ::1 at 2024-01-22 13:16:18 -0800
Processing by Api::V1::GreetingsController#index as HTML
  [1m[36mGreeting Load (122.0ms)[0m  [1m[34mSELECT "greetings".* FROM "greetings" ORDER BY RANDOM() LIMIT $1[0m  [["LIMIT", 1]]
  ↳ app/controllers/api/v1/greetings_controller.rb:3:in `index'
Completed 200 OK in 128ms (Views: 0.2ms | ActiveRecord: 122.0ms | Allocations: 719)


Started GET "/api/v1/greetings" for ::1 at 2024-01-22 13:43:02 -0800
Processing by Api::V1::GreetingsController#index as HTML
  [1m[36mGreeting Load (33.0ms)[0m  [1m[34mSELECT "greetings".* FROM "greetings" ORDER BY RANDOM() LIMIT $1[0m  [["LIMIT", 1]]
  ↳ app/controllers/api/v1/greetings_controller.rb:3:in `index'
Completed 200 OK in 53ms (Views: 1.2ms | ActiveRecord: 46.8ms | Allocations: 3589)


Started GET "/api/v1/greetings" for ::1 at 2024-01-22 13:43:03 -0800
Processing by Api::V1::GreetingsController#index as HTML
  [1m[36mGreeting Load (3.9ms)[0m  [1m[34mSELECT "greetings".* FROM "greetings" ORDER BY RANDOM() LIMIT $1[0m  [["LIMIT", 1]]
  ↳ app/controllers/api/v1/greetings_controller.rb:3:in `index'
Completed 200 OK in 8ms (Views: 0.3ms | ActiveRecord: 3.8ms | Allocations: 713)


Started GET "/api/v1/greetings" for ::1 at 2024-01-22 13:43:04 -0800
Processing by Api::V1::GreetingsController#index as HTML
  [1m[36mGreeting Load (0.7ms)[0m  [1m[34mSELECT "greetings".* FROM "greetings" ORDER BY RANDOM() LIMIT $1[0m  [["LIMIT", 1]]
  ↳ app/controllers/api/v1/greetings_controller.rb:3:in `index'
Completed 200 OK in 3ms (Views: 0.2ms | ActiveRecord: 0.7ms | Allocations: 713)


Started GET "/api/v1/greetings" for ::1 at 2024-01-22 13:43:05 -0800
Processing by Api::V1::GreetingsController#index as HTML
  [1m[36mGreeting Load (0.9ms)[0m  [1m[34mSELECT "greetings".* FROM "greetings" ORDER BY RANDOM() LIMIT $1[0m  [["LIMIT", 1]]
  ↳ app/controllers/api/v1/greetings_controller.rb:3:in `index'
Completed 200 OK in 5ms (Views: 0.1ms | ActiveRecord: 0.8ms | Allocations: 713)


Started GET "/api/v1/greetings" for ::1 at 2024-01-22 13:43:06 -0800
Processing by Api::V1::GreetingsController#index as HTML
  [1m[36mGreeting Load (0.5ms)[0m  [1m[34mSELECT "greetings".* FROM "greetings" ORDER BY RANDOM() LIMIT $1[0m  [["LIMIT", 1]]
  ↳ app/controllers/api/v1/greetings_controller.rb:3:in `index'
Completed 200 OK in 4ms (Views: 0.1ms | ActiveRecord: 0.5ms | Allocations: 713)


Started GET "/api/v1/greetings" for ::1 at 2024-01-22 13:43:07 -0800
Processing by Api::V1::GreetingsController#index as HTML
  [1m[36mGreeting Load (0.8ms)[0m  [1m[34mSELECT "greetings".* FROM "greetings" ORDER BY RANDOM() LIMIT $1[0m  [["LIMIT", 1]]
  ↳ app/controllers/api/v1/greetings_controller.rb:3:in `index'
Completed 200 OK in 4ms (Views: 0.1ms | ActiveRecord: 0.8ms | Allocations: 713)


Started GET "/" for 127.0.0.1 at 2024-01-22 14:10:07 -0800
  [1m[36mActiveRecord::SchemaMigration Load (0.9ms)[0m  [1m[34mSELECT "schema_migrations"."version" FROM "schema_migrations" ORDER BY "schema_migrations"."version" ASC[0m
Processing by RootsController#index as HTML
  Rendering layout layouts/application.html.erb
  Rendering roots/index.html.erb within layouts/application
  Rendered roots/index.html.erb within layouts/application (Duration: 0.9ms | Allocations: 184)
  Rendered layout layouts/application.html.erb (Duration: 640.2ms | Allocations: 74539)
Completed 200 OK in 721ms (Views: 658.5ms | ActiveRecord: 0.0ms | Allocations: 82174)


Started GET "/" for 127.0.0.1 at 2024-01-22 14:10:57 -0800
  [1m[36mActiveRecord::SchemaMigration Load (1.0ms)[0m  [1m[34mSELECT "schema_migrations"."version" FROM "schema_migrations" ORDER BY "schema_migrations"."version" ASC[0m
Processing by RootsController#index as HTML
  Rendering layout layouts/application.html.erb
  Rendering roots/index.html.erb within layouts/application
  Rendered roots/index.html.erb within layouts/application (Duration: 0.9ms | Allocations: 183)
  Rendered layout layouts/application.html.erb (Duration: 606.3ms | Allocations: 30133)
Completed 200 OK in 651ms (Views: 619.9ms | ActiveRecord: 0.0ms | Allocations: 34163)


Started GET "/api/v1/greetings" for ::1 at 2024-01-22 14:12:34 -0800
Processing by Api::V1::GreetingsController#index as HTML
  [1m[36mGreeting Load (44.7ms)[0m  [1m[34mSELECT "greetings".* FROM "greetings" ORDER BY RANDOM() LIMIT $1[0m  [["LIMIT", 1]]
  ↳ app/controllers/api/v1/greetings_controller.rb:3:in `index'
Completed 200 OK in 242ms (Views: 0.2ms | ActiveRecord: 73.2ms | Allocations: 20787)


Started GET "/api/v1/greetings" for ::1 at 2024-01-22 14:12:40 -0800
Processing by Api::V1::GreetingsController#index as HTML
  [1m[36mGreeting Load (0.5ms)[0m  [1m[34mSELECT "greetings".* FROM "greetings" ORDER BY RANDOM() LIMIT $1[0m  [["LIMIT", 1]]
  ↳ app/controllers/api/v1/greetings_controller.rb:3:in `index'
Completed 200 OK in 3ms (Views: 0.3ms | ActiveRecord: 0.5ms | Allocations: 566)


Started GET "/" for 127.0.0.1 at 2024-01-22 14:18:56 -0800
  [1m[36mActiveRecord::SchemaMigration Load (0.9ms)[0m  [1m[34mSELECT "schema_migrations"."version" FROM "schema_migrations" ORDER BY "schema_migrations"."version" ASC[0m
Processing by RootsController#index as HTML
  Rendering layout layouts/application.html.erb
  Rendering roots/index.html.erb within layouts/application
  Rendered roots/index.html.erb within layouts/application (Duration: 0.7ms | Allocations: 183)
  Rendered layout layouts/application.html.erb (Duration: 222.4ms | Allocations: 21566)
Completed 200 OK in 264ms (Views: 236.7ms | ActiveRecord: 0.0ms | Allocations: 25597)


Started GET "/api/v1/greetings" for ::1 at 2024-01-22 14:19:13 -0800
Processing by Api::V1::GreetingsController#index as HTML
  [1m[36mGreeting Load (2.5ms)[0m  [1m[34mSELECT "greetings".* FROM "greetings" ORDER BY RANDOM() LIMIT $1[0m  [["LIMIT", 1]]
  ↳ app/controllers/api/v1/greetings_controller.rb:3:in `index'
Completed 200 OK in 105ms (Views: 0.2ms | ActiveRecord: 34.9ms | Allocations: 17388)


Started GET "/api/v1/greetings" for ::1 at 2024-01-22 14:19:19 -0800
Processing by Api::V1::GreetingsController#index as HTML
  [1m[36mGreeting Load (0.5ms)[0m  [1m[34mSELECT "greetings".* FROM "greetings" ORDER BY RANDOM() LIMIT $1[0m  [["LIMIT", 1]]
  ↳ app/controllers/api/v1/greetings_controller.rb:3:in `index'
Completed 200 OK in 2ms (Views: 0.1ms | ActiveRecord: 0.5ms | Allocations: 566)


Started GET "/" for 127.0.0.1 at 2024-01-22 14:28:13 -0800
  [1m[36mActiveRecord::SchemaMigration Load (42.9ms)[0m  [1m[34mSELECT "schema_migrations"."version" FROM "schema_migrations" ORDER BY "schema_migrations"."version" ASC[0m
Processing by RootsController#index as HTML
  Rendering layout layouts/application.html.erb
  Rendering roots/index.html.erb within layouts/application
  Rendered roots/index.html.erb within layouts/application (Duration: 0.8ms | Allocations: 183)
  Rendered layout layouts/application.html.erb (Duration: 199.5ms | Allocations: 21675)
Completed 200 OK in 253ms (Views: 219.3ms | ActiveRecord: 0.0ms | Allocations: 25706)


Started GET "/api/v1/greetings" for ::1 at 2024-01-22 14:28:20 -0800
Processing by Api::V1::GreetingsController#index as HTML
  [1m[36mGreeting Load (47.5ms)[0m  [1m[34mSELECT "greetings".* FROM "greetings" ORDER BY RANDOM() LIMIT $1[0m  [["LIMIT", 1]]
  ↳ app/controllers/api/v1/greetings_controller.rb:3:in `index'
Completed 200 OK in 276ms (Views: 0.4ms | ActiveRecord: 132.2ms | Allocations: 17446)


Started GET "/api/v1/greetings" for ::1 at 2024-01-22 14:28:34 -0800
Processing by Api::V1::GreetingsController#index as HTML
  [1m[36mGreeting Load (12.3ms)[0m  [1m[34mSELECT "greetings".* FROM "greetings" ORDER BY RANDOM() LIMIT $1[0m  [["LIMIT", 1]]
  ↳ app/controllers/api/v1/greetings_controller.rb:3:in `index'
Completed 200 OK in 16ms (Views: 0.3ms | ActiveRecord: 12.3ms | Allocations: 566)


Started GET "/" for 127.0.0.1 at 2024-01-22 15:52:02 -0800
  [1m[36mActiveRecord::SchemaMigration Load (43.0ms)[0m  [1m[34mSELECT "schema_migrations"."version" FROM "schema_migrations" ORDER BY "schema_migrations"."version" ASC[0m
Processing by RootsController#index as HTML
  Rendering layout layouts/application.html.erb
  Rendering roots/index.html.erb within layouts/application
  Rendered roots/index.html.erb within layouts/application (Duration: 0.8ms | Allocations: 183)
  Rendered layout layouts/application.html.erb (Duration: 109.5ms | Allocations: 21662)
Completed 200 OK in 149ms (Views: 122.3ms | ActiveRecord: 0.0ms | Allocations: 25678)


